[22:33:01.998] Global cache location '/home/klingen/.cache/typescript/4.6', safe file path '/home/klingen/Develop/alv/starbook/packages/starbook-frontend/node_modules/typescript/lib/typingSafeList.json', types map path /home/klingen/Develop/alv/starbook/packages/starbook-frontend/node_modules/typescript/lib/typesMap.json
[22:33:01.999] Processing cache location '/home/klingen/.cache/typescript/4.6'
[22:33:01.999] Trying to find '/home/klingen/.cache/typescript/4.6/package.json'...
[22:33:02.004] Loaded content of '/home/klingen/.cache/typescript/4.6/package.json': {"private":true,"dependencies":{"types-registry":"^0.1.590"},"devDependencies":{"@types/abbrev":"^1.1.2","@types/accepts":"^1.3.5","@types/are-we-there-yet":"^1.1.0","@types/argparse":"^2.0.10","@types/assert":"^1.5.6","@types/async":"^3.2.13","@types/atob":"^2.1.2","@types/babel__code-frame":"^7.0.3","@types/babel__core":"^7.1.19","@types/babel__generator":"^7.6.4","@types/babel__helper-plugin-utils":"^7.10.0","@types/babel__helper-validator-identifier":"^7.15.0","@types/babel__plugin-transform-runtime":"^7.9.2","@types/babel__preset-env":"^7.9.2","@types/babel__template":"^7.4.1","@types/babel__traverse":"^7.17.1","@types/balanced-match":"^1.0.2","@types/base64id":"^2.0.0","@types/big.js":"^6.1.3","@types/bl":"^5.0.2","@types/body-parser":"^1.19.2","@types/bonjour":"^3.5.10","@types/boolbase":"^1.0.1","@types/brace-expansion":"^1.1.0","@types/braces":"^3.0.1","@types/buffer-from":"^1.1.0","@types/bytes":"^3.1.1","@types/cacache":"^15.0.1","@types/call-bind":"^1.0.0","@types/callsite":"^1.0.31","@types/caniuse-lite":"^1.0.1","@types/chardet":"^0.8.1","@types/chownr":"^1.0.0","@types/circular-dependency-plugin":"^5.0.5","@types/cli-spinners":"^1.3.0","@types/clone":"^2.1.1","@types/clone-deep":"^4.0.1","@types/color-convert":"^2.0.0","@types/color-name":"^1.1.1","@types/color-support":"^1.1.1","@types/commondir":"^1.0.0","@types/component-emitter":"^1.2.11","@types/compressible":"^2.0.0","@types/compression":"^1.7.2","@types/concat-map":"^0.0.1","@types/concat-stream":"^2.0.0","@types/connect":"^3.4.35","@types/connect-history-api-fallback":"^1.3.5","@types/content-disposition":"^0.5.4","@types/content-type":"^1.1.5","@types/convert-source-map":"^1.5.2","@types/cookie":"^0.5.1","@types/cookie-signature":"^1.0.4","@types/core-js":"^2.5.5","@types/cors":"^2.8.12","@types/cross-spawn":"^6.0.2","@types/css":"^0.0.33","@types/cssesc":"^3.0.0","@types/d3-selection":"^3.0.2","@types/d3-transition":"^3.0.1","@types/d3-zoom":"^3.0.1","@types/debug":"^4.1.7","@types/decode-uri-component":"^0.2.0","@types/deep-equal":"^1.0.1","@types/default-gateway":"^3.0.1","@types/defaults":"^1.0.3","@types/define-properties":"^1.1.3","@types/delegates":"^1.0.0","@types/depd":"^1.1.32","@types/destroy":"^1.0.0","@types/detect-node":"^2.0.0","@types/di":"^0.0.1","@types/dir-glob":"^2.0.1","@types/dns-packet":"^5.2.4","@types/duplexify":"^3.6.1","@types/ee-first":"^1.1.0","@types/encodeurl":"^1.0.0","@types/end-of-stream":"^1.4.1","@types/ent":"^2.2.5","@types/es-abstract":"^1.17.3","@types/es-to-primitive":"^1.2.4","@types/escape-html":"^1.0.2","@types/escodegen":"^0.0.7","@types/eslint":"^8.4.1","@types/eslint-scope":"^3.7.3","@types/esprima":"^4.0.3","@types/estraverse":"^5.1.1","@types/esutils":"^2.0.0","@types/etag":"^1.8.1","@types/events":"^3.0.0","@types/express":"^4.17.13","@types/extend":"^3.0.1","@types/falafel":"^2.2.0","@types/fast-levenshtein":"^0.0.2","@types/fast-text-encoding":"^1.0.1","@types/fill-range":"^7.0.0","@types/finalhandler":"^1.1.1","@types/find-cache-dir":"^3.2.1","@types/follow-redirects":"^1.14.1","@types/foreach":"^2.0.0","@types/forwarded":"^0.1.0","@types/fresh":"^0.5.0","@types/from2":"^2.3.1","@types/fs-extra":"^9.0.13","@types/function-bind":"^1.1.6","@types/get-intrinsic":"^1.0.0","@types/glob":"^7.2.0","@types/glob-parent":"^5.1.1","@types/glob-to-regexp":"^0.4.1","@types/graceful-fs":"^4.1.5","@types/has":"^1.0.0","@types/has-symbols":"^1.0.0","@types/hoist-non-react-statics":"^3.3.1","@types/hosted-git-info":"^3.0.2","@types/html-escaper":"^3.0.0","@types/http-cache-semantics":"^4.0.1","@types/http-errors":"^1.8.2","@types/http-proxy":"^1.17.8","@types/http-server":"^0.12.1","@types/humanize-ms":"^1.2.2","@types/icss-utils":"^5.1.0","@types/ignore-walk":"^4.0.0","@types/imurmurhash":"^0.1.1","@types/inherits":"^0.0.30","@types/ini":"^1.3.31","@types/inquirer":"^8.2.1","@types/internal-slot":"^1.0.1","@types/ip":"^1.1.0","@types/is":"^0.0.21","@types/is-arguments":"^1.0.0","@types/is-bigint":"^1.0.0","@types/is-boolean-object":"^1.1.0","@types/is-buffer":"^2.0.0","@types/is-callable":"^1.1.0","@types/is-core-module":"^2.2.0","@types/is-date-object":"^1.0.2","@types/is-generator-function":"^1.0.1","@types/is-glob":"^4.0.2","@types/is-number":"^7.0.3","@types/is-regex":"^1.0.0","@types/is-string":"^1.0.0","@types/isarray":"^2.0.0","@types/isexe":"^2.0.1","@types/istanbul-lib-coverage":"^2.0.4","@types/istanbul-lib-instrument":"^1.7.4","@types/istanbul-lib-report":"^3.0.0","@types/istanbul-lib-source-maps":"^4.0.1","@types/istanbul-reports":"^3.0.1","@types/js-yaml":"^4.0.5","@types/jsesc":"^3.0.1","@types/json-parse-better-errors":"^1.0.0","@types/jsonfile":"^6.1.0","@types/karma":"^6.3.3","@types/karma-chrome-launcher":"^3.1.1","@types/karma-coverage":"^2.0.1","@types/karma-jasmine":"^4.0.2","@types/karma-jasmine-html-reporter":"^1.7.0","@types/kind-of":"^6.0.0","@types/less":"^3.0.3","@types/loader-runner":"^2.2.4","@types/loader-utils":"^2.0.3","@types/lodash":"^4.14.182","@types/lodash.debounce":"^4.0.7","@types/lodash.deburr":"^4.1.7","@types/lru-cache":"^7.6.1","@types/make-fetch-happen":"^9.0.2","@types/media-typer":"^1.1.1","@types/merge-descriptors":"^1.0.1","@types/merge-stream":"^1.1.2","@types/merge2":"^1.3.1","@types/methods":"^1.1.1","@types/micromatch":"^4.0.2","@types/mime":"^2.0.3","@types/mime-db":"^1.43.1","@types/mime-types":"^2.1.1","@types/minimalistic-assert":"^1.0.1","@types/minimatch":"^3.0.5","@types/minimist":"^1.2.2","@types/minipass":"^3.1.2","@types/minizlib":"^2.1.3","@types/mixpanel-browser":"^2.38.0","@types/mkdirp":"^1.0.2","@types/ms":"^0.7.31","@types/multicast-dns":"^7.2.1","@types/murmurhash-js":"^1.0.3","@types/mute-stream":"^0.0.1","@types/needle":"^2.5.3","@types/negotiator":"^0.6.1","@types/node-fetch":"^2.6.1","@types/node-forge":"^1.0.2","@types/nopt":"^3.0.29","@types/normalize-path":"^3.0.0","@types/npm-package-arg":"^6.1.1","@types/npm-packlist":"^3.0.0","@types/npm-registry-fetch":"^8.0.4","@types/npmlog":"^4.1.4","@types/object-assign":"^4.0.30","@types/object-inspect":"^1.8.1","@types/object-keys":"^1.0.1","@types/on-finished":"^2.3.1","@types/on-headers":"^1.0.0","@types/once":"^1.4.0","@types/os-tmpdir":"^1.0.0","@types/pacote":"^11.1.3","@types/pako":"^1.0.3","@types/parse-json":"^4.0.0","@types/parse-node-version":"^1.0.0","@types/parse5":"^6.0.3","@types/parse5-html-rewriting-stream":"^5.1.2","@types/parse5-htmlparser2-tree-adapter":"^6.0.1","@types/parse5-sax-parser":"^5.0.2","@types/parseurl":"^1.3.1","@types/path-is-absolute":"^1.0.0","@types/path-parse":"^1.0.19","@types/picomatch":"^2.3.0","@types/pify":"^5.0.1","@types/postcss-gap-properties":"^2.0.1","@types/postcss-import":"^14.0.0","@types/postcss-modules-extract-imports":"^3.0.2","@types/postcss-modules-local-by-default":"^4.0.0","@types/postcss-modules-scope":"^3.0.0","@types/postcss-modules-values":"^4.0.0","@types/postcss-preset-env":"^6.7.3","@types/prelude-ls":"^1.1.29","@types/prettier":"^2.6.0","@types/promise-inflight":"^1.0.0","@types/promise-polyfill":"^6.0.4","@types/promise-retry":"^1.1.3","@types/prop-types":"^15.7.5","@types/proxy-addr":"^2.0.0","@types/punycode":"^2.1.0","@types/qs":"^6.9.7","@types/raf":"^3.4.0","@types/randombytes":"^2.0.0","@types/range-parser":"^1.2.4","@types/react":"^18.0.5","@types/react-dom":"^18.0.1","@types/react-headroom":"^2.2.2","@types/react-helmet":"^6.1.5","@types/react-is":"^17.0.3","@types/react-side-effect":"^1.1.1","@types/react-slick":"^0.23.8","@types/readable-stream":"^2.3.13","@types/regenerate":"^1.4.1","@types/regenerator-runtime":"^0.13.1","@types/require-directory":"^2.1.2","@types/require-from-string":"^1.2.1","@types/requires-port":"^1.0.0","@types/resolve":"^1.20.2","@types/retry":"^0.12.2","@types/rimraf":"^3.0.2","@types/run-parallel":"^1.1.0","@types/safer-buffer":"^2.1.0","@types/sass-loader":"^8.0.3","@types/sax":"^1.2.4","@types/semver":"^7.3.9","@types/send":"^0.17.1","@types/serialize-javascript":"^5.0.2","@types/serve-index":"^1.9.1","@types/serve-static":"^1.13.10","@types/shallowequal":"^1.1.1","@types/shebang-command":"^1.2.0","@types/signal-exit":"^3.0.1","@types/skmeans":"^0.11.3","@types/sockjs":"^0.3.33","@types/source-map-support":"^0.5.4","@types/spdy":"^3.4.5","@types/sprintf-js":"^1.1.2","@types/ssri":"^7.1.1","@types/stack-trace":"^0.0.30","@types/static-eval":"^0.2.31","@types/statuses":"^2.0.0","@types/stream-shift":"^1.0.0","@types/strict-uri-encode":"^2.0.0","@types/strip-final-newline":"^3.0.0","@types/stylus":"^0.48.37","@types/supports-color":"^8.1.1","@types/tar":"^6.1.1","@types/text-table":"^0.2.2","@types/three":"^0.139.0","@types/through":"^0.0.30","@types/through2":"^2.0.36","@types/thunky":"^1.1.0","@types/tmp":"^0.2.3","@types/to-regex-range":"^5.0.0","@types/type-check":"^0.3.27","@types/type-is":"^1.6.3","@types/ua-parser-js":"^0.7.36","@types/universalify":"^1.0.0","@types/util-deprecate":"^1.0.0","@types/utils-merge":"^0.0.28","@types/uuid":"^8.3.4","@types/validate-npm-package-name":"^3.0.3","@types/vary":"^1.1.0","@types/void-elements":"^3.1.0","@types/watchpack":"^1.1.7","@types/wcwidth":"^1.0.0","@types/webidl-conversions":"^6.1.1","@types/webpack":"^5.28.0","@types/webpack-sources":"^3.2.0","@types/whatwg-url":"^8.2.1","@types/which":"^2.0.1","@types/wrap-ansi":"^8.0.1","@types/ws":"^8.5.3","@types/xtend":"^4.0.4","@types/yallist":"^4.0.1","@types/yargs":"^17.0.10","@types/yargs-parser":"^21.0.0","@types/yarnpkg__lockfile":"^1.1.5","@types/zen-observable":"^0.8.3"}}
[22:33:02.004] Loaded content of '/home/klingen/.cache/typescript/4.6/package-lock.json'
[22:33:02.015] Adding entry into typings cache: 'abbrev' => '/home/klingen/.cache/typescript/4.6/node_modules/@types/abbrev/index.d.ts'
[22:33:02.017] Adding entry into typings cache: 'accepts' => '/home/klingen/.cache/typescript/4.6/node_modules/@types/accepts/index.d.ts'
[22:33:02.018] Adding entry into typings cache: 'are-we-there-yet' => '/home/klingen/.cache/typescript/4.6/node_modules/@types/are-we-there-yet/index.d.ts'
[22:33:02.019] Adding entry into typings cache: 'argparse' => '/home/klingen/.cache/typescript/4.6/node_modules/@types/argparse/index.d.ts'
[22:33:02.019] Adding entry into typings cache: 'assert' => '/home/klingen/.cache/typescript/4.6/node_modules/@types/assert/index.d.ts'
[22:33:02.020] Adding entry into typings cache: 'async' => '/home/klingen/.cache/typescript/4.6/node_modules/@types/async/index.d.ts'
[22:33:02.022] Adding entry into typings cache: 'atob' => '/home/klingen/.cache/typescript/4.6/node_modules/@types/atob/index.d.ts'
[22:33:02.023] Adding entry into typings cache: 'babel__code-frame' => '/home/klingen/.cache/typescript/4.6/node_modules/@types/babel__code-frame/index.d.ts'
[22:33:02.024] Adding entry into typings cache: 'babel__core' => '/home/klingen/.cache/typescript/4.6/node_modules/@types/babel__core/index.d.ts'
[22:33:02.025] Adding entry into typings cache: 'babel__generator' => '/home/klingen/.cache/typescript/4.6/node_modules/@types/babel__generator/index.d.ts'
[22:33:02.026] Adding entry into typings cache: 'babel__helper-plugin-utils' => '/home/klingen/.cache/typescript/4.6/node_modules/@types/babel__helper-plugin-utils/index.d.ts'
[22:33:02.026] Adding entry into typings cache: 'babel__helper-validator-identifier' => '/home/klingen/.cache/typescript/4.6/node_modules/@types/babel__helper-validator-identifier/index.d.ts'
[22:33:02.027] Adding entry into typings cache: 'babel__plugin-transform-runtime' => '/home/klingen/.cache/typescript/4.6/node_modules/@types/babel__plugin-transform-runtime/index.d.ts'
[22:33:02.027] Adding entry into typings cache: 'babel__preset-env' => '/home/klingen/.cache/typescript/4.6/node_modules/@types/babel__preset-env/index.d.ts'
[22:33:02.029] Adding entry into typings cache: 'babel__template' => '/home/klingen/.cache/typescript/4.6/node_modules/@types/babel__template/index.d.ts'
[22:33:02.030] Adding entry into typings cache: 'babel__traverse' => '/home/klingen/.cache/typescript/4.6/node_modules/@types/babel__traverse/index.d.ts'
[22:33:02.031] Adding entry into typings cache: 'balanced-match' => '/home/klingen/.cache/typescript/4.6/node_modules/@types/balanced-match/index.d.ts'
[22:33:02.031] Adding entry into typings cache: 'base64id' => '/home/klingen/.cache/typescript/4.6/node_modules/@types/base64id/index.d.ts'
[22:33:02.033] Adding entry into typings cache: 'big.js' => '/home/klingen/.cache/typescript/4.6/node_modules/@types/big.js/index.d.ts'
[22:33:02.033] Adding entry into typings cache: 'bl' => '/home/klingen/.cache/typescript/4.6/node_modules/@types/bl/index.d.ts'
[22:33:02.034] Adding entry into typings cache: 'body-parser' => '/home/klingen/.cache/typescript/4.6/node_modules/@types/body-parser/index.d.ts'
[22:33:02.035] Adding entry into typings cache: 'bonjour' => '/home/klingen/.cache/typescript/4.6/node_modules/@types/bonjour/index.d.ts'
[22:33:02.035] Adding entry into typings cache: 'boolbase' => '/home/klingen/.cache/typescript/4.6/node_modules/@types/boolbase/index.d.ts'
[22:33:02.035] Adding entry into typings cache: 'brace-expansion' => '/home/klingen/.cache/typescript/4.6/node_modules/@types/brace-expansion/index.d.ts'
[22:33:02.037] Adding entry into typings cache: 'braces' => '/home/klingen/.cache/typescript/4.6/node_modules/@types/braces/index.d.ts'
[22:33:02.038] Adding entry into typings cache: 'buffer-from' => '/home/klingen/.cache/typescript/4.6/node_modules/@types/buffer-from/index.d.ts'
[22:33:02.038] Adding entry into typings cache: 'bytes' => '/home/klingen/.cache/typescript/4.6/node_modules/@types/bytes/index.d.ts'
[22:33:02.039] Adding entry into typings cache: 'cacache' => '/home/klingen/.cache/typescript/4.6/node_modules/@types/cacache/index.d.ts'
[22:33:02.039] Adding entry into typings cache: 'call-bind' => '/home/klingen/.cache/typescript/4.6/node_modules/@types/call-bind/index.d.ts'
[22:33:02.040] Adding entry into typings cache: 'callsite' => '/home/klingen/.cache/typescript/4.6/node_modules/@types/callsite/index.d.ts'
[22:33:02.041] Adding entry into typings cache: 'caniuse-lite' => '/home/klingen/.cache/typescript/4.6/node_modules/@types/caniuse-lite/index.d.ts'
[22:33:02.041] Adding entry into typings cache: 'chardet' => '/home/klingen/.cache/typescript/4.6/node_modules/@types/chardet/index.d.ts'
[22:33:02.041] Adding entry into typings cache: 'chownr' => '/home/klingen/.cache/typescript/4.6/node_modules/@types/chownr/index.d.ts'
[22:33:02.042] Adding entry into typings cache: 'circular-dependency-plugin' => '/home/klingen/.cache/typescript/4.6/node_modules/@types/circular-dependency-plugin/index.d.ts'
[22:33:02.042] Adding entry into typings cache: 'cli-spinners' => '/home/klingen/.cache/typescript/4.6/node_modules/@types/cli-spinners/index.d.ts'
[22:33:02.042] Adding entry into typings cache: 'clone' => '/home/klingen/.cache/typescript/4.6/node_modules/@types/clone/index.d.ts'
[22:33:02.043] Adding entry into typings cache: 'clone-deep' => '/home/klingen/.cache/typescript/4.6/node_modules/@types/clone-deep/index.d.ts'
[22:33:02.044] Adding entry into typings cache: 'color-convert' => '/home/klingen/.cache/typescript/4.6/node_modules/@types/color-convert/index.d.ts'
[22:33:02.045] Adding entry into typings cache: 'color-name' => '/home/klingen/.cache/typescript/4.6/node_modules/@types/color-name/index.d.ts'
[22:33:02.045] Adding entry into typings cache: 'color-support' => '/home/klingen/.cache/typescript/4.6/node_modules/@types/color-support/index.d.ts'
[22:33:02.045] Adding entry into typings cache: 'commondir' => '/home/klingen/.cache/typescript/4.6/node_modules/@types/commondir/index.d.ts'
[22:33:02.046] Adding entry into typings cache: 'component-emitter' => '/home/klingen/.cache/typescript/4.6/node_modules/@types/component-emitter/index.d.ts'
[22:33:02.046] Adding entry into typings cache: 'compressible' => '/home/klingen/.cache/typescript/4.6/node_modules/@types/compressible/index.d.ts'
[22:33:02.047] Adding entry into typings cache: 'compression' => '/home/klingen/.cache/typescript/4.6/node_modules/@types/compression/index.d.ts'
[22:33:02.047] Adding entry into typings cache: 'concat-map' => '/home/klingen/.cache/typescript/4.6/node_modules/@types/concat-map/index.d.ts'
[22:33:02.048] Adding entry into typings cache: 'concat-stream' => '/home/klingen/.cache/typescript/4.6/node_modules/@types/concat-stream/index.d.ts'
[22:33:02.048] Adding entry into typings cache: 'connect' => '/home/klingen/.cache/typescript/4.6/node_modules/@types/connect/index.d.ts'
[22:33:02.049] Adding entry into typings cache: 'connect-history-api-fallback' => '/home/klingen/.cache/typescript/4.6/node_modules/@types/connect-history-api-fallback/index.d.ts'
[22:33:02.050] Adding entry into typings cache: 'content-disposition' => '/home/klingen/.cache/typescript/4.6/node_modules/@types/content-disposition/index.d.ts'
[22:33:02.050] Adding entry into typings cache: 'content-type' => '/home/klingen/.cache/typescript/4.6/node_modules/@types/content-type/index.d.ts'
[22:33:02.050] Adding entry into typings cache: 'convert-source-map' => '/home/klingen/.cache/typescript/4.6/node_modules/@types/convert-source-map/index.d.ts'
[22:33:02.051] Adding entry into typings cache: 'cookie' => '/home/klingen/.cache/typescript/4.6/node_modules/@types/cookie/index.d.ts'
[22:33:02.051] Adding entry into typings cache: 'cookie-signature' => '/home/klingen/.cache/typescript/4.6/node_modules/@types/cookie-signature/index.d.ts'
[22:33:02.052] Adding entry into typings cache: 'core-js' => '/home/klingen/.cache/typescript/4.6/node_modules/@types/core-js/index.d.ts'
[22:33:02.052] Adding entry into typings cache: 'cors' => '/home/klingen/.cache/typescript/4.6/node_modules/@types/cors/index.d.ts'
[22:33:02.053] Adding entry into typings cache: 'cross-spawn' => '/home/klingen/.cache/typescript/4.6/node_modules/@types/cross-spawn/index.d.ts'
[22:33:02.053] Adding entry into typings cache: 'css' => '/home/klingen/.cache/typescript/4.6/node_modules/@types/css/index.d.ts'
[22:33:02.053] Adding entry into typings cache: 'cssesc' => '/home/klingen/.cache/typescript/4.6/node_modules/@types/cssesc/index.d.ts'
[22:33:02.054] Adding entry into typings cache: 'd3-selection' => '/home/klingen/.cache/typescript/4.6/node_modules/@types/d3-selection/index.d.ts'
[22:33:02.055] Adding entry into typings cache: 'd3-transition' => '/home/klingen/.cache/typescript/4.6/node_modules/@types/d3-transition/index.d.ts'
[22:33:02.055] Adding entry into typings cache: 'd3-zoom' => '/home/klingen/.cache/typescript/4.6/node_modules/@types/d3-zoom/index.d.ts'
[22:33:02.057] Adding entry into typings cache: 'debug' => '/home/klingen/.cache/typescript/4.6/node_modules/@types/debug/index.d.ts'
[22:33:02.058] Adding entry into typings cache: 'decode-uri-component' => '/home/klingen/.cache/typescript/4.6/node_modules/@types/decode-uri-component/index.d.ts'
[22:33:02.058] Adding entry into typings cache: 'deep-equal' => '/home/klingen/.cache/typescript/4.6/node_modules/@types/deep-equal/index.d.ts'
[22:33:02.058] Adding entry into typings cache: 'default-gateway' => '/home/klingen/.cache/typescript/4.6/node_modules/@types/default-gateway/index.d.ts'
[22:33:02.060] Adding entry into typings cache: 'defaults' => '/home/klingen/.cache/typescript/4.6/node_modules/@types/defaults/index.d.ts'
[22:33:02.060] Adding entry into typings cache: 'define-properties' => '/home/klingen/.cache/typescript/4.6/node_modules/@types/define-properties/index.d.ts'
[22:33:02.060] Adding entry into typings cache: 'delegates' => '/home/klingen/.cache/typescript/4.6/node_modules/@types/delegates/index.d.ts'
[22:33:02.061] Adding entry into typings cache: 'depd' => '/home/klingen/.cache/typescript/4.6/node_modules/@types/depd/index.d.ts'
[22:33:02.061] Adding entry into typings cache: 'destroy' => '/home/klingen/.cache/typescript/4.6/node_modules/@types/destroy/index.d.ts'
[22:33:02.062] Adding entry into typings cache: 'detect-node' => '/home/klingen/.cache/typescript/4.6/node_modules/@types/detect-node/index.d.ts'
[22:33:02.063] Adding entry into typings cache: 'di' => '/home/klingen/.cache/typescript/4.6/node_modules/@types/di/index.d.ts'
[22:33:02.064] Adding entry into typings cache: 'dir-glob' => '/home/klingen/.cache/typescript/4.6/node_modules/@types/dir-glob/index.d.ts'
[22:33:02.065] Adding entry into typings cache: 'dns-packet' => '/home/klingen/.cache/typescript/4.6/node_modules/@types/dns-packet/index.d.ts'
[22:33:02.065] Adding entry into typings cache: 'duplexify' => '/home/klingen/.cache/typescript/4.6/node_modules/@types/duplexify/index.d.ts'
[22:33:02.066] Adding entry into typings cache: 'ee-first' => '/home/klingen/.cache/typescript/4.6/node_modules/@types/ee-first/index.d.ts'
[22:33:02.066] Adding entry into typings cache: 'encodeurl' => '/home/klingen/.cache/typescript/4.6/node_modules/@types/encodeurl/index.d.ts'
[22:33:02.066] Adding entry into typings cache: 'end-of-stream' => '/home/klingen/.cache/typescript/4.6/node_modules/@types/end-of-stream/index.d.ts'
[22:33:02.067] Adding entry into typings cache: 'ent' => '/home/klingen/.cache/typescript/4.6/node_modules/@types/ent/index.d.ts'
[22:33:02.068] Adding entry into typings cache: 'es-abstract' => '/home/klingen/.cache/typescript/4.6/node_modules/@types/es-abstract/index.d.ts'
[22:33:02.068] Adding entry into typings cache: 'es-to-primitive' => '/home/klingen/.cache/typescript/4.6/node_modules/@types/es-to-primitive/index.d.ts'
[22:33:02.069] Adding entry into typings cache: 'escape-html' => '/home/klingen/.cache/typescript/4.6/node_modules/@types/escape-html/index.d.ts'
[22:33:02.069] Adding entry into typings cache: 'escodegen' => '/home/klingen/.cache/typescript/4.6/node_modules/@types/escodegen/index.d.ts'
[22:33:02.070] Adding entry into typings cache: 'eslint' => '/home/klingen/.cache/typescript/4.6/node_modules/@types/eslint/index.d.ts'
[22:33:02.072] Adding entry into typings cache: 'eslint-scope' => '/home/klingen/.cache/typescript/4.6/node_modules/@types/eslint-scope/index.d.ts'
[22:33:02.072] Adding entry into typings cache: 'esprima' => '/home/klingen/.cache/typescript/4.6/node_modules/@types/esprima/index.d.ts'
[22:33:02.074] Adding entry into typings cache: 'estraverse' => '/home/klingen/.cache/typescript/4.6/node_modules/@types/estraverse/index.d.ts'
[22:33:02.074] Adding entry into typings cache: 'esutils' => '/home/klingen/.cache/typescript/4.6/node_modules/@types/esutils/index.d.ts'
[22:33:02.074] Adding entry into typings cache: 'etag' => '/home/klingen/.cache/typescript/4.6/node_modules/@types/etag/index.d.ts'
[22:33:02.075] Adding entry into typings cache: 'events' => '/home/klingen/.cache/typescript/4.6/node_modules/@types/events/index.d.ts'
[22:33:02.075] Adding entry into typings cache: 'express' => '/home/klingen/.cache/typescript/4.6/node_modules/@types/express/index.d.ts'
[22:33:02.076] Adding entry into typings cache: 'extend' => '/home/klingen/.cache/typescript/4.6/node_modules/@types/extend/index.d.ts'
[22:33:02.076] Adding entry into typings cache: 'falafel' => '/home/klingen/.cache/typescript/4.6/node_modules/@types/falafel/index.d.ts'
[22:33:02.076] Adding entry into typings cache: 'fast-levenshtein' => '/home/klingen/.cache/typescript/4.6/node_modules/@types/fast-levenshtein/index.d.ts'
[22:33:02.077] Adding entry into typings cache: 'fast-text-encoding' => '/home/klingen/.cache/typescript/4.6/node_modules/@types/fast-text-encoding/index.d.ts'
[22:33:02.077] Adding entry into typings cache: 'fill-range' => '/home/klingen/.cache/typescript/4.6/node_modules/@types/fill-range/index.d.ts'
[22:33:02.078] Adding entry into typings cache: 'finalhandler' => '/home/klingen/.cache/typescript/4.6/node_modules/@types/finalhandler/index.d.ts'
[22:33:02.078] Adding entry into typings cache: 'find-cache-dir' => '/home/klingen/.cache/typescript/4.6/node_modules/@types/find-cache-dir/index.d.ts'
[22:33:02.079] Adding entry into typings cache: 'follow-redirects' => '/home/klingen/.cache/typescript/4.6/node_modules/@types/follow-redirects/index.d.ts'
[22:33:02.079] Adding entry into typings cache: 'foreach' => '/home/klingen/.cache/typescript/4.6/node_modules/@types/foreach/index.d.ts'
[22:33:02.079] Adding entry into typings cache: 'forwarded' => '/home/klingen/.cache/typescript/4.6/node_modules/@types/forwarded/index.d.ts'
[22:33:02.079] Adding entry into typings cache: 'fresh' => '/home/klingen/.cache/typescript/4.6/node_modules/@types/fresh/index.d.ts'
[22:33:02.080] Adding entry into typings cache: 'from2' => '/home/klingen/.cache/typescript/4.6/node_modules/@types/from2/index.d.ts'
[22:33:02.081] Adding entry into typings cache: 'fs-extra' => '/home/klingen/.cache/typescript/4.6/node_modules/@types/fs-extra/index.d.ts'
[22:33:02.082] Adding entry into typings cache: 'function-bind' => '/home/klingen/.cache/typescript/4.6/node_modules/@types/function-bind/index.d.ts'
[22:33:02.082] Adding entry into typings cache: 'get-intrinsic' => '/home/klingen/.cache/typescript/4.6/node_modules/@types/get-intrinsic/index.d.ts'
[22:33:02.082] Adding entry into typings cache: 'glob' => '/home/klingen/.cache/typescript/4.6/node_modules/@types/glob/index.d.ts'
[22:33:02.083] Adding entry into typings cache: 'glob-parent' => '/home/klingen/.cache/typescript/4.6/node_modules/@types/glob-parent/index.d.ts'
[22:33:02.084] Adding entry into typings cache: 'glob-to-regexp' => '/home/klingen/.cache/typescript/4.6/node_modules/@types/glob-to-regexp/index.d.ts'
[22:33:02.085] Adding entry into typings cache: 'graceful-fs' => '/home/klingen/.cache/typescript/4.6/node_modules/@types/graceful-fs/index.d.ts'
[22:33:02.086] Adding entry into typings cache: 'has' => '/home/klingen/.cache/typescript/4.6/node_modules/@types/has/index.d.ts'
[22:33:02.086] Adding entry into typings cache: 'has-symbols' => '/home/klingen/.cache/typescript/4.6/node_modules/@types/has-symbols/index.d.ts'
[22:33:02.087] Adding entry into typings cache: 'hoist-non-react-statics' => '/home/klingen/.cache/typescript/4.6/node_modules/@types/hoist-non-react-statics/index.d.ts'
[22:33:02.087] Adding entry into typings cache: 'hosted-git-info' => '/home/klingen/.cache/typescript/4.6/node_modules/@types/hosted-git-info/index.d.ts'
[22:33:02.087] Adding entry into typings cache: 'html-escaper' => '/home/klingen/.cache/typescript/4.6/node_modules/@types/html-escaper/index.d.ts'
[22:33:02.088] Adding entry into typings cache: 'http-cache-semantics' => '/home/klingen/.cache/typescript/4.6/node_modules/@types/http-cache-semantics/index.d.ts'
[22:33:02.088] Adding entry into typings cache: 'http-errors' => '/home/klingen/.cache/typescript/4.6/node_modules/@types/http-errors/index.d.ts'
[22:33:02.088] Adding entry into typings cache: 'http-proxy' => '/home/klingen/.cache/typescript/4.6/node_modules/@types/http-proxy/index.d.ts'
[22:33:02.089] Adding entry into typings cache: 'http-server' => '/home/klingen/.cache/typescript/4.6/node_modules/@types/http-server/index.d.ts'
[22:33:02.090] Adding entry into typings cache: 'humanize-ms' => '/home/klingen/.cache/typescript/4.6/node_modules/@types/humanize-ms/index.d.ts'
[22:33:02.091] Adding entry into typings cache: 'icss-utils' => '/home/klingen/.cache/typescript/4.6/node_modules/@types/icss-utils/index.d.ts'
[22:33:02.092] Adding entry into typings cache: 'ignore-walk' => '/home/klingen/.cache/typescript/4.6/node_modules/@types/ignore-walk/index.d.ts'
[22:33:02.092] Adding entry into typings cache: 'imurmurhash' => '/home/klingen/.cache/typescript/4.6/node_modules/@types/imurmurhash/index.d.ts'
[22:33:02.093] Adding entry into typings cache: 'inherits' => '/home/klingen/.cache/typescript/4.6/node_modules/@types/inherits/index.d.ts'
[22:33:02.094] Adding entry into typings cache: 'ini' => '/home/klingen/.cache/typescript/4.6/node_modules/@types/ini/index.d.ts'
[22:33:02.094] Adding entry into typings cache: 'inquirer' => '/home/klingen/.cache/typescript/4.6/node_modules/@types/inquirer/index.d.ts'
[22:33:02.095] Adding entry into typings cache: 'internal-slot' => '/home/klingen/.cache/typescript/4.6/node_modules/@types/internal-slot/index.d.ts'
[22:33:02.096] Adding entry into typings cache: 'ip' => '/home/klingen/.cache/typescript/4.6/node_modules/@types/ip/index.d.ts'
[22:33:02.096] Adding entry into typings cache: 'is' => '/home/klingen/.cache/typescript/4.6/node_modules/@types/is/index.d.ts'
[22:33:02.097] Adding entry into typings cache: 'is-arguments' => '/home/klingen/.cache/typescript/4.6/node_modules/@types/is-arguments/index.d.ts'
[22:33:02.097] Adding entry into typings cache: 'is-bigint' => '/home/klingen/.cache/typescript/4.6/node_modules/@types/is-bigint/index.d.ts'
[22:33:02.098] Adding entry into typings cache: 'is-boolean-object' => '/home/klingen/.cache/typescript/4.6/node_modules/@types/is-boolean-object/index.d.ts'
[22:33:02.098] Adding entry into typings cache: 'is-buffer' => '/home/klingen/.cache/typescript/4.6/node_modules/@types/is-buffer/index.d.ts'
[22:33:02.099] Adding entry into typings cache: 'is-callable' => '/home/klingen/.cache/typescript/4.6/node_modules/@types/is-callable/index.d.ts'
[22:33:02.099] Adding entry into typings cache: 'is-core-module' => '/home/klingen/.cache/typescript/4.6/node_modules/@types/is-core-module/index.d.ts'
[22:33:02.099] Adding entry into typings cache: 'is-date-object' => '/home/klingen/.cache/typescript/4.6/node_modules/@types/is-date-object/index.d.ts'
[22:33:02.100] Adding entry into typings cache: 'is-generator-function' => '/home/klingen/.cache/typescript/4.6/node_modules/@types/is-generator-function/index.d.ts'
[22:33:02.100] Adding entry into typings cache: 'is-glob' => '/home/klingen/.cache/typescript/4.6/node_modules/@types/is-glob/index.d.ts'
[22:33:02.101] Adding entry into typings cache: 'is-number' => '/home/klingen/.cache/typescript/4.6/node_modules/@types/is-number/index.d.ts'
[22:33:02.101] Adding entry into typings cache: 'is-regex' => '/home/klingen/.cache/typescript/4.6/node_modules/@types/is-regex/index.d.ts'
[22:33:02.101] Adding entry into typings cache: 'is-string' => '/home/klingen/.cache/typescript/4.6/node_modules/@types/is-string/index.d.ts'
[22:33:02.102] Adding entry into typings cache: 'isarray' => '/home/klingen/.cache/typescript/4.6/node_modules/@types/isarray/index.d.ts'
[22:33:02.102] Adding entry into typings cache: 'isexe' => '/home/klingen/.cache/typescript/4.6/node_modules/@types/isexe/index.d.ts'
[22:33:02.102] Adding entry into typings cache: 'istanbul-lib-coverage' => '/home/klingen/.cache/typescript/4.6/node_modules/@types/istanbul-lib-coverage/index.d.ts'
[22:33:02.102] Adding entry into typings cache: 'istanbul-lib-instrument' => '/home/klingen/.cache/typescript/4.6/node_modules/@types/istanbul-lib-instrument/index.d.ts'
[22:33:02.103] Adding entry into typings cache: 'istanbul-lib-report' => '/home/klingen/.cache/typescript/4.6/node_modules/@types/istanbul-lib-report/index.d.ts'
[22:33:02.104] Adding entry into typings cache: 'istanbul-lib-source-maps' => '/home/klingen/.cache/typescript/4.6/node_modules/@types/istanbul-lib-source-maps/index.d.ts'
[22:33:02.104] Adding entry into typings cache: 'istanbul-reports' => '/home/klingen/.cache/typescript/4.6/node_modules/@types/istanbul-reports/index.d.ts'
[22:33:02.104] Adding entry into typings cache: 'js-yaml' => '/home/klingen/.cache/typescript/4.6/node_modules/@types/js-yaml/index.d.ts'
[22:33:02.104] Adding entry into typings cache: 'jsesc' => '/home/klingen/.cache/typescript/4.6/node_modules/@types/jsesc/index.d.ts'
[22:33:02.105] Adding entry into typings cache: 'json-parse-better-errors' => '/home/klingen/.cache/typescript/4.6/node_modules/@types/json-parse-better-errors/index.d.ts'
[22:33:02.106] Adding entry into typings cache: 'jsonfile' => '/home/klingen/.cache/typescript/4.6/node_modules/@types/jsonfile/index.d.ts'
[22:33:02.107] Adding entry into typings cache: 'karma' => '/home/klingen/.cache/typescript/4.6/node_modules/@types/karma/index.d.ts'
[22:33:02.107] Adding entry into typings cache: 'karma-chrome-launcher' => '/home/klingen/.cache/typescript/4.6/node_modules/@types/karma-chrome-launcher/index.d.ts'
[22:33:02.107] Adding entry into typings cache: 'karma-coverage' => '/home/klingen/.cache/typescript/4.6/node_modules/@types/karma-coverage/index.d.ts'
[22:33:02.107] Adding entry into typings cache: 'karma-jasmine' => '/home/klingen/.cache/typescript/4.6/node_modules/@types/karma-jasmine/index.d.ts'
[22:33:02.108] Adding entry into typings cache: 'karma-jasmine-html-reporter' => '/home/klingen/.cache/typescript/4.6/node_modules/@types/karma-jasmine-html-reporter/index.d.ts'
[22:33:02.109] Adding entry into typings cache: 'kind-of' => '/home/klingen/.cache/typescript/4.6/node_modules/@types/kind-of/index.d.ts'
[22:33:02.109] Adding entry into typings cache: 'less' => '/home/klingen/.cache/typescript/4.6/node_modules/@types/less/index.d.ts'
[22:33:02.109] Adding entry into typings cache: 'loader-runner' => '/home/klingen/.cache/typescript/4.6/node_modules/@types/loader-runner/index.d.ts'
[22:33:02.110] Adding entry into typings cache: 'loader-utils' => '/home/klingen/.cache/typescript/4.6/node_modules/@types/loader-utils/index.d.ts'
[22:33:02.111] Adding entry into typings cache: 'lodash' => '/home/klingen/.cache/typescript/4.6/node_modules/@types/lodash/index.d.ts'
[22:33:02.111] Adding entry into typings cache: 'lodash.debounce' => '/home/klingen/.cache/typescript/4.6/node_modules/@types/lodash.debounce/index.d.ts'
[22:33:02.111] Adding entry into typings cache: 'lodash.deburr' => '/home/klingen/.cache/typescript/4.6/node_modules/@types/lodash.deburr/index.d.ts'
[22:33:02.111] Adding entry into typings cache: 'lru-cache' => '/home/klingen/.cache/typescript/4.6/node_modules/@types/lru-cache/index.d.ts'
[22:33:02.112] Adding entry into typings cache: 'make-fetch-happen' => '/home/klingen/.cache/typescript/4.6/node_modules/@types/make-fetch-happen/index.d.ts'
[22:33:02.112] Adding entry into typings cache: 'media-typer' => '/home/klingen/.cache/typescript/4.6/node_modules/@types/media-typer/index.d.ts'
[22:33:02.113] Adding entry into typings cache: 'merge-descriptors' => '/home/klingen/.cache/typescript/4.6/node_modules/@types/merge-descriptors/index.d.ts'
[22:33:02.113] Adding entry into typings cache: 'merge-stream' => '/home/klingen/.cache/typescript/4.6/node_modules/@types/merge-stream/index.d.ts'
[22:33:02.113] Adding entry into typings cache: 'merge2' => '/home/klingen/.cache/typescript/4.6/node_modules/@types/merge2/index.d.ts'
[22:33:02.114] Adding entry into typings cache: 'methods' => '/home/klingen/.cache/typescript/4.6/node_modules/@types/methods/index.d.ts'
[22:33:02.115] Adding entry into typings cache: 'micromatch' => '/home/klingen/.cache/typescript/4.6/node_modules/@types/micromatch/index.d.ts'
[22:33:02.115] Adding entry into typings cache: 'mime' => '/home/klingen/.cache/typescript/4.6/node_modules/@types/mime/index.d.ts'
[22:33:02.116] Adding entry into typings cache: 'mime-db' => '/home/klingen/.cache/typescript/4.6/node_modules/@types/mime-db/index.d.ts'
[22:33:02.118] Adding entry into typings cache: 'mime-types' => '/home/klingen/.cache/typescript/4.6/node_modules/@types/mime-types/index.d.ts'
[22:33:02.118] Adding entry into typings cache: 'minimalistic-assert' => '/home/klingen/.cache/typescript/4.6/node_modules/@types/minimalistic-assert/index.d.ts'
[22:33:02.118] Adding entry into typings cache: 'minimatch' => '/home/klingen/.cache/typescript/4.6/node_modules/@types/minimatch/index.d.ts'
[22:33:02.119] Adding entry into typings cache: 'minimist' => '/home/klingen/.cache/typescript/4.6/node_modules/@types/minimist/index.d.ts'
[22:33:02.119] Adding entry into typings cache: 'minipass' => '/home/klingen/.cache/typescript/4.6/node_modules/@types/minipass/index.d.ts'
[22:33:02.120] Adding entry into typings cache: 'minizlib' => '/home/klingen/.cache/typescript/4.6/node_modules/@types/minizlib/index.d.ts'
[22:33:02.120] Adding entry into typings cache: 'mixpanel-browser' => '/home/klingen/.cache/typescript/4.6/node_modules/@types/mixpanel-browser/index.d.ts'
[22:33:02.121] Adding entry into typings cache: 'mkdirp' => '/home/klingen/.cache/typescript/4.6/node_modules/@types/mkdirp/index.d.ts'
[22:33:02.121] Adding entry into typings cache: 'ms' => '/home/klingen/.cache/typescript/4.6/node_modules/@types/ms/index.d.ts'
[22:33:02.122] Adding entry into typings cache: 'multicast-dns' => '/home/klingen/.cache/typescript/4.6/node_modules/@types/multicast-dns/index.d.ts'
[22:33:02.122] Adding entry into typings cache: 'murmurhash-js' => '/home/klingen/.cache/typescript/4.6/node_modules/@types/murmurhash-js/index.d.ts'
[22:33:02.122] Adding entry into typings cache: 'mute-stream' => '/home/klingen/.cache/typescript/4.6/node_modules/@types/mute-stream/index.d.ts'
[22:33:02.122] Adding entry into typings cache: 'needle' => '/home/klingen/.cache/typescript/4.6/node_modules/@types/needle/index.d.ts'
[22:33:02.122] Adding entry into typings cache: 'negotiator' => '/home/klingen/.cache/typescript/4.6/node_modules/@types/negotiator/index.d.ts'
[22:33:02.123] Adding entry into typings cache: 'node-fetch' => '/home/klingen/.cache/typescript/4.6/node_modules/@types/node-fetch/index.d.ts'
[22:33:02.123] Adding entry into typings cache: 'node-forge' => '/home/klingen/.cache/typescript/4.6/node_modules/@types/node-forge/index.d.ts'
[22:33:02.125] Adding entry into typings cache: 'nopt' => '/home/klingen/.cache/typescript/4.6/node_modules/@types/nopt/index.d.ts'
[22:33:02.125] Adding entry into typings cache: 'normalize-path' => '/home/klingen/.cache/typescript/4.6/node_modules/@types/normalize-path/index.d.ts'
[22:33:02.126] Adding entry into typings cache: 'npm-package-arg' => '/home/klingen/.cache/typescript/4.6/node_modules/@types/npm-package-arg/index.d.ts'
[22:33:02.126] Adding entry into typings cache: 'npm-packlist' => '/home/klingen/.cache/typescript/4.6/node_modules/@types/npm-packlist/index.d.ts'
[22:33:02.127] Adding entry into typings cache: 'npm-registry-fetch' => '/home/klingen/.cache/typescript/4.6/node_modules/@types/npm-registry-fetch/index.d.ts'
[22:33:02.127] Adding entry into typings cache: 'npmlog' => '/home/klingen/.cache/typescript/4.6/node_modules/@types/npmlog/index.d.ts'
[22:33:02.127] Adding entry into typings cache: 'object-assign' => '/home/klingen/.cache/typescript/4.6/node_modules/@types/object-assign/index.d.ts'
[22:33:02.127] Adding entry into typings cache: 'object-inspect' => '/home/klingen/.cache/typescript/4.6/node_modules/@types/object-inspect/index.d.ts'
[22:33:02.128] Adding entry into typings cache: 'object-keys' => '/home/klingen/.cache/typescript/4.6/node_modules/@types/object-keys/index.d.ts'
[22:33:02.129] Adding entry into typings cache: 'on-finished' => '/home/klingen/.cache/typescript/4.6/node_modules/@types/on-finished/index.d.ts'
[22:33:02.129] Adding entry into typings cache: 'on-headers' => '/home/klingen/.cache/typescript/4.6/node_modules/@types/on-headers/index.d.ts'
[22:33:02.129] Adding entry into typings cache: 'once' => '/home/klingen/.cache/typescript/4.6/node_modules/@types/once/index.d.ts'
[22:33:02.130] Adding entry into typings cache: 'os-tmpdir' => '/home/klingen/.cache/typescript/4.6/node_modules/@types/os-tmpdir/index.d.ts'
[22:33:02.130] Adding entry into typings cache: 'pacote' => '/home/klingen/.cache/typescript/4.6/node_modules/@types/pacote/index.d.ts'
[22:33:02.131] Adding entry into typings cache: 'pako' => '/home/klingen/.cache/typescript/4.6/node_modules/@types/pako/index.d.ts'
[22:33:02.131] Adding entry into typings cache: 'parse-json' => '/home/klingen/.cache/typescript/4.6/node_modules/@types/parse-json/index.d.ts'
[22:33:02.131] Adding entry into typings cache: 'parse-node-version' => '/home/klingen/.cache/typescript/4.6/node_modules/@types/parse-node-version/index.d.ts'
[22:33:02.131] Adding entry into typings cache: 'parse5' => '/home/klingen/.cache/typescript/4.6/node_modules/@types/parse5/index.d.ts'
[22:33:02.132] Adding entry into typings cache: 'parse5-html-rewriting-stream' => '/home/klingen/.cache/typescript/4.6/node_modules/@types/parse5-html-rewriting-stream/index.d.ts'
[22:33:02.132] Adding entry into typings cache: 'parse5-htmlparser2-tree-adapter' => '/home/klingen/.cache/typescript/4.6/node_modules/@types/parse5-htmlparser2-tree-adapter/index.d.ts'
[22:33:02.132] Adding entry into typings cache: 'parse5-sax-parser' => '/home/klingen/.cache/typescript/4.6/node_modules/@types/parse5-sax-parser/index.d.ts'
[22:33:02.132] Adding entry into typings cache: 'parseurl' => '/home/klingen/.cache/typescript/4.6/node_modules/@types/parseurl/index.d.ts'
[22:33:02.133] Adding entry into typings cache: 'path-is-absolute' => '/home/klingen/.cache/typescript/4.6/node_modules/@types/path-is-absolute/index.d.ts'
[22:33:02.133] Adding entry into typings cache: 'path-parse' => '/home/klingen/.cache/typescript/4.6/node_modules/@types/path-parse/index.d.ts'
[22:33:02.135] Adding entry into typings cache: 'picomatch' => '/home/klingen/.cache/typescript/4.6/node_modules/@types/picomatch/index.d.ts'
[22:33:02.135] Adding entry into typings cache: 'pify' => '/home/klingen/.cache/typescript/4.6/node_modules/@types/pify/index.d.ts'
[22:33:02.135] Adding entry into typings cache: 'postcss-gap-properties' => '/home/klingen/.cache/typescript/4.6/node_modules/@types/postcss-gap-properties/index.d.ts'
[22:33:02.135] Adding entry into typings cache: 'postcss-import' => '/home/klingen/.cache/typescript/4.6/node_modules/@types/postcss-import/index.d.ts'
[22:33:02.136] Adding entry into typings cache: 'postcss-modules-extract-imports' => '/home/klingen/.cache/typescript/4.6/node_modules/@types/postcss-modules-extract-imports/index.d.ts'
[22:33:02.136] Adding entry into typings cache: 'postcss-modules-local-by-default' => '/home/klingen/.cache/typescript/4.6/node_modules/@types/postcss-modules-local-by-default/index.d.ts'
[22:33:02.136] Adding entry into typings cache: 'postcss-modules-scope' => '/home/klingen/.cache/typescript/4.6/node_modules/@types/postcss-modules-scope/index.d.ts'
[22:33:02.136] Adding entry into typings cache: 'postcss-modules-values' => '/home/klingen/.cache/typescript/4.6/node_modules/@types/postcss-modules-values/index.d.ts'
[22:33:02.137] Adding entry into typings cache: 'postcss-preset-env' => '/home/klingen/.cache/typescript/4.6/node_modules/@types/postcss-preset-env/index.d.ts'
[22:33:02.137] Adding entry into typings cache: 'prelude-ls' => '/home/klingen/.cache/typescript/4.6/node_modules/@types/prelude-ls/index.d.ts'
[22:33:02.137] Adding entry into typings cache: 'prettier' => '/home/klingen/.cache/typescript/4.6/node_modules/@types/prettier/index.d.ts'
[22:33:02.137] Adding entry into typings cache: 'promise-inflight' => '/home/klingen/.cache/typescript/4.6/node_modules/@types/promise-inflight/index.d.ts'
[22:33:02.138] Adding entry into typings cache: 'promise-polyfill' => '/home/klingen/.cache/typescript/4.6/node_modules/@types/promise-polyfill/index.d.ts'
[22:33:02.138] Adding entry into typings cache: 'promise-retry' => '/home/klingen/.cache/typescript/4.6/node_modules/@types/promise-retry/index.d.ts'
[22:33:02.138] Adding entry into typings cache: 'prop-types' => '/home/klingen/.cache/typescript/4.6/node_modules/@types/prop-types/index.d.ts'
[22:33:02.139] Adding entry into typings cache: 'proxy-addr' => '/home/klingen/.cache/typescript/4.6/node_modules/@types/proxy-addr/index.d.ts'
[22:33:02.140] Adding entry into typings cache: 'punycode' => '/home/klingen/.cache/typescript/4.6/node_modules/@types/punycode/index.d.ts'
[22:33:02.141] Adding entry into typings cache: 'qs' => '/home/klingen/.cache/typescript/4.6/node_modules/@types/qs/index.d.ts'
[22:33:02.141] Adding entry into typings cache: 'raf' => '/home/klingen/.cache/typescript/4.6/node_modules/@types/raf/index.d.ts'
[22:33:02.142] Adding entry into typings cache: 'randombytes' => '/home/klingen/.cache/typescript/4.6/node_modules/@types/randombytes/index.d.ts'
[22:33:02.143] Adding entry into typings cache: 'range-parser' => '/home/klingen/.cache/typescript/4.6/node_modules/@types/range-parser/index.d.ts'
[22:33:02.143] Adding entry into typings cache: 'react' => '/home/klingen/.cache/typescript/4.6/node_modules/@types/react/index.d.ts'
[22:33:02.144] Adding entry into typings cache: 'react-dom' => '/home/klingen/.cache/typescript/4.6/node_modules/@types/react-dom/index.d.ts'
[22:33:02.144] Adding entry into typings cache: 'react-headroom' => '/home/klingen/.cache/typescript/4.6/node_modules/@types/react-headroom/index.d.ts'
[22:33:02.145] Adding entry into typings cache: 'react-helmet' => '/home/klingen/.cache/typescript/4.6/node_modules/@types/react-helmet/index.d.ts'
[22:33:02.145] Adding entry into typings cache: 'react-is' => '/home/klingen/.cache/typescript/4.6/node_modules/@types/react-is/index.d.ts'
[22:33:02.146] Adding entry into typings cache: 'react-side-effect' => '/home/klingen/.cache/typescript/4.6/node_modules/@types/react-side-effect/index.d.ts'
[22:33:02.146] Adding entry into typings cache: 'react-slick' => '/home/klingen/.cache/typescript/4.6/node_modules/@types/react-slick/index.d.ts'
[22:33:02.147] Adding entry into typings cache: 'readable-stream' => '/home/klingen/.cache/typescript/4.6/node_modules/@types/readable-stream/index.d.ts'
[22:33:02.147] Adding entry into typings cache: 'regenerate' => '/home/klingen/.cache/typescript/4.6/node_modules/@types/regenerate/index.d.ts'
[22:33:02.147] Adding entry into typings cache: 'regenerator-runtime' => '/home/klingen/.cache/typescript/4.6/node_modules/@types/regenerator-runtime/index.d.ts'
[22:33:02.147] Adding entry into typings cache: 'require-directory' => '/home/klingen/.cache/typescript/4.6/node_modules/@types/require-directory/index.d.ts'
[22:33:02.148] Adding entry into typings cache: 'require-from-string' => '/home/klingen/.cache/typescript/4.6/node_modules/@types/require-from-string/index.d.ts'
[22:33:02.148] Adding entry into typings cache: 'requires-port' => '/home/klingen/.cache/typescript/4.6/node_modules/@types/requires-port/index.d.ts'
[22:33:02.148] Adding entry into typings cache: 'resolve' => '/home/klingen/.cache/typescript/4.6/node_modules/@types/resolve/index.d.ts'
[22:33:02.149] Adding entry into typings cache: 'retry' => '/home/klingen/.cache/typescript/4.6/node_modules/@types/retry/index.d.ts'
[22:33:02.149] Adding entry into typings cache: 'rimraf' => '/home/klingen/.cache/typescript/4.6/node_modules/@types/rimraf/index.d.ts'
[22:33:02.149] Adding entry into typings cache: 'run-parallel' => '/home/klingen/.cache/typescript/4.6/node_modules/@types/run-parallel/index.d.ts'
[22:33:02.149] Adding entry into typings cache: 'safer-buffer' => '/home/klingen/.cache/typescript/4.6/node_modules/@types/safer-buffer/index.d.ts'
[22:33:02.150] Adding entry into typings cache: 'sass-loader' => '/home/klingen/.cache/typescript/4.6/node_modules/@types/sass-loader/index.d.ts'
[22:33:02.150] Adding entry into typings cache: 'sax' => '/home/klingen/.cache/typescript/4.6/node_modules/@types/sax/index.d.ts'
[22:33:02.150] Adding entry into typings cache: 'semver' => '/home/klingen/.cache/typescript/4.6/node_modules/@types/semver/index.d.ts'
[22:33:02.151] Adding entry into typings cache: 'send' => '/home/klingen/.cache/typescript/4.6/node_modules/@types/send/index.d.ts'
[22:33:02.153] Adding entry into typings cache: 'serialize-javascript' => '/home/klingen/.cache/typescript/4.6/node_modules/@types/serialize-javascript/index.d.ts'
[22:33:02.153] Adding entry into typings cache: 'serve-index' => '/home/klingen/.cache/typescript/4.6/node_modules/@types/serve-index/index.d.ts'
[22:33:02.153] Adding entry into typings cache: 'serve-static' => '/home/klingen/.cache/typescript/4.6/node_modules/@types/serve-static/index.d.ts'
[22:33:02.153] Adding entry into typings cache: 'shallowequal' => '/home/klingen/.cache/typescript/4.6/node_modules/@types/shallowequal/index.d.ts'
[22:33:02.154] Adding entry into typings cache: 'shebang-command' => '/home/klingen/.cache/typescript/4.6/node_modules/@types/shebang-command/index.d.ts'
[22:33:02.154] Adding entry into typings cache: 'signal-exit' => '/home/klingen/.cache/typescript/4.6/node_modules/@types/signal-exit/index.d.ts'
[22:33:02.154] Adding entry into typings cache: 'skmeans' => '/home/klingen/.cache/typescript/4.6/node_modules/@types/skmeans/index.d.ts'
[22:33:02.154] Adding entry into typings cache: 'sockjs' => '/home/klingen/.cache/typescript/4.6/node_modules/@types/sockjs/index.d.ts'
[22:33:02.155] Adding entry into typings cache: 'source-map-support' => '/home/klingen/.cache/typescript/4.6/node_modules/@types/source-map-support/index.d.ts'
[22:33:02.155] Adding entry into typings cache: 'spdy' => '/home/klingen/.cache/typescript/4.6/node_modules/@types/spdy/index.d.ts'
[22:33:02.156] Adding entry into typings cache: 'sprintf-js' => '/home/klingen/.cache/typescript/4.6/node_modules/@types/sprintf-js/index.d.ts'
[22:33:02.156] Adding entry into typings cache: 'ssri' => '/home/klingen/.cache/typescript/4.6/node_modules/@types/ssri/index.d.ts'
[22:33:02.156] Adding entry into typings cache: 'stack-trace' => '/home/klingen/.cache/typescript/4.6/node_modules/@types/stack-trace/index.d.ts'
[22:33:02.157] Adding entry into typings cache: 'static-eval' => '/home/klingen/.cache/typescript/4.6/node_modules/@types/static-eval/index.d.ts'
[22:33:02.157] Adding entry into typings cache: 'statuses' => '/home/klingen/.cache/typescript/4.6/node_modules/@types/statuses/index.d.ts'
[22:33:02.158] Adding entry into typings cache: 'stream-shift' => '/home/klingen/.cache/typescript/4.6/node_modules/@types/stream-shift/index.d.ts'
[22:33:02.158] Adding entry into typings cache: 'strict-uri-encode' => '/home/klingen/.cache/typescript/4.6/node_modules/@types/strict-uri-encode/index.d.ts'
[22:33:02.158] Adding entry into typings cache: 'strip-final-newline' => '/home/klingen/.cache/typescript/4.6/node_modules/@types/strip-final-newline/index.d.ts'
[22:33:02.159] Adding entry into typings cache: 'stylus' => '/home/klingen/.cache/typescript/4.6/node_modules/@types/stylus/index.d.ts'
[22:33:02.160] Adding entry into typings cache: 'supports-color' => '/home/klingen/.cache/typescript/4.6/node_modules/@types/supports-color/index.d.ts'
[22:33:02.160] Adding entry into typings cache: 'tar' => '/home/klingen/.cache/typescript/4.6/node_modules/@types/tar/index.d.ts'
[22:33:02.161] Adding entry into typings cache: 'text-table' => '/home/klingen/.cache/typescript/4.6/node_modules/@types/text-table/index.d.ts'
[22:33:02.161] Adding entry into typings cache: 'three' => '/home/klingen/.cache/typescript/4.6/node_modules/@types/three/index.d.ts'
[22:33:02.161] Adding entry into typings cache: 'through' => '/home/klingen/.cache/typescript/4.6/node_modules/@types/through/index.d.ts'
[22:33:02.162] Adding entry into typings cache: 'through2' => '/home/klingen/.cache/typescript/4.6/node_modules/@types/through2/index.d.ts'
[22:33:02.162] Adding entry into typings cache: 'thunky' => '/home/klingen/.cache/typescript/4.6/node_modules/@types/thunky/index.d.ts'
[22:33:02.163] Adding entry into typings cache: 'tmp' => '/home/klingen/.cache/typescript/4.6/node_modules/@types/tmp/index.d.ts'
[22:33:02.163] Adding entry into typings cache: 'to-regex-range' => '/home/klingen/.cache/typescript/4.6/node_modules/@types/to-regex-range/index.d.ts'
[22:33:02.163] Adding entry into typings cache: 'type-check' => '/home/klingen/.cache/typescript/4.6/node_modules/@types/type-check/index.d.ts'
[22:33:02.163] Adding entry into typings cache: 'type-is' => '/home/klingen/.cache/typescript/4.6/node_modules/@types/type-is/index.d.ts'
[22:33:02.164] Adding entry into typings cache: 'ua-parser-js' => '/home/klingen/.cache/typescript/4.6/node_modules/@types/ua-parser-js/index.d.ts'
[22:33:02.165] Adding entry into typings cache: 'universalify' => '/home/klingen/.cache/typescript/4.6/node_modules/@types/universalify/index.d.ts'
[22:33:02.165] Adding entry into typings cache: 'util-deprecate' => '/home/klingen/.cache/typescript/4.6/node_modules/@types/util-deprecate/index.d.ts'
[22:33:02.166] Adding entry into typings cache: 'utils-merge' => '/home/klingen/.cache/typescript/4.6/node_modules/@types/utils-merge/index.d.ts'
[22:33:02.166] Adding entry into typings cache: 'uuid' => '/home/klingen/.cache/typescript/4.6/node_modules/@types/uuid/index.d.ts'
[22:33:02.166] Adding entry into typings cache: 'validate-npm-package-name' => '/home/klingen/.cache/typescript/4.6/node_modules/@types/validate-npm-package-name/index.d.ts'
[22:33:02.166] Adding entry into typings cache: 'vary' => '/home/klingen/.cache/typescript/4.6/node_modules/@types/vary/index.d.ts'
[22:33:02.166] Adding entry into typings cache: 'void-elements' => '/home/klingen/.cache/typescript/4.6/node_modules/@types/void-elements/index.d.ts'
[22:33:02.167] Adding entry into typings cache: 'watchpack' => '/home/klingen/.cache/typescript/4.6/node_modules/@types/watchpack/index.d.ts'
[22:33:02.168] Adding entry into typings cache: 'wcwidth' => '/home/klingen/.cache/typescript/4.6/node_modules/@types/wcwidth/index.d.ts'
[22:33:02.168] Adding entry into typings cache: 'webidl-conversions' => '/home/klingen/.cache/typescript/4.6/node_modules/@types/webidl-conversions/index.d.ts'
[22:33:02.172] Adding entry into typings cache: 'webpack' => '/home/klingen/.cache/typescript/4.6/node_modules/webpack/types.d.ts'
[22:33:02.172] Adding entry into typings cache: 'webpack-sources' => '/home/klingen/.cache/typescript/4.6/node_modules/@types/webpack-sources/index.d.ts'
[22:33:02.173] Adding entry into typings cache: 'whatwg-url' => '/home/klingen/.cache/typescript/4.6/node_modules/@types/whatwg-url/index.d.ts'
[22:33:02.173] Adding entry into typings cache: 'which' => '/home/klingen/.cache/typescript/4.6/node_modules/@types/which/index.d.ts'
[22:33:02.173] Adding entry into typings cache: 'wrap-ansi' => '/home/klingen/.cache/typescript/4.6/node_modules/@types/wrap-ansi/index.d.ts'
[22:33:02.174] Adding entry into typings cache: 'ws' => '/home/klingen/.cache/typescript/4.6/node_modules/@types/ws/index.d.ts'
[22:33:02.174] Adding entry into typings cache: 'xtend' => '/home/klingen/.cache/typescript/4.6/node_modules/@types/xtend/index.d.ts'
[22:33:02.175] Adding entry into typings cache: 'yallist' => '/home/klingen/.cache/typescript/4.6/node_modules/@types/yallist/index.d.ts'
[22:33:02.176] Adding entry into typings cache: 'yargs' => '/home/klingen/.cache/typescript/4.6/node_modules/@types/yargs/index.d.ts'
[22:33:02.176] Adding entry into typings cache: 'yargs-parser' => '/home/klingen/.cache/typescript/4.6/node_modules/@types/yargs-parser/index.d.ts'
[22:33:02.176] Adding entry into typings cache: 'yarnpkg__lockfile' => '/home/klingen/.cache/typescript/4.6/node_modules/@types/yarnpkg__lockfile/index.d.ts'
[22:33:02.176] Adding entry into typings cache: 'zen-observable' => '/home/klingen/.cache/typescript/4.6/node_modules/@types/zen-observable/index.d.ts'
[22:33:02.176] Finished processing cache location '/home/klingen/.cache/typescript/4.6'
[22:33:02.177] Process id: 463614
[22:33:02.177] NPM location: /usr/bin/npm (explicit '--npmLocation' not  provided)
[22:33:02.177] validateDefaultNpmLocation: false
[22:33:02.177] Npm config file: /home/klingen/.cache/typescript/4.6/package.json
[22:33:02.177] Updating types-registry npm package...
[22:33:02.177] Exec: /usr/bin/npm install --ignore-scripts types-registry@latest
[22:33:03.700]     Succeeded. stdout:
    
    up to date, audited 587 packages in 1s

11 packages are looking for funding
  run `npm fund` for details

3 high severity vulnerabilities

To address all issues (including breaking changes), run:
  npm audit fix --force

Run `npm audit` for details.

[22:33:03.700] Updated types-registry npm package
[22:56:39.345] Got install request {"projectName":"/dev/null/inferredProject1*","fileNames":[],"compilerOptions":{"module":1,"target":3,"jsx":1,"allowJs":true,"allowSyntheticDefaultImports":true,"allowNonTsExtensions":true,"noEmitForJsFiles":true},"typeAcquisition":{"enable":true,"include":[],"exclude":[]},"unresolvedImports":[],"projectRootPath":"/home/klingen/Develop/alv/starbook/packages/starbook-frontend/src/app/models","kind":"discover"}
[22:56:39.374] Loaded safelist from types map file '/home/klingen/Develop/alv/starbook/packages/starbook-frontend/node_modules/typescript/lib/typesMap.json'
[22:56:39.375] Explicitly included types: []
[22:56:39.375] Inferred typings from unresolved imports: []
[22:56:39.376] Result: {"cachedTypingPaths":[],"newTypingNames":[],"filesToWatch":["/home/klingen/Develop/alv/starbook/packages/starbook-frontend/src/app/models/bower_components","/home/klingen/Develop/alv/starbook/packages/starbook-frontend/src/app/models/node_modules"]}
[22:56:39.376] Finished typings discovery: {"cachedTypingPaths":[],"newTypingNames":[],"filesToWatch":["/home/klingen/Develop/alv/starbook/packages/starbook-frontend/src/app/models/bower_components","/home/klingen/Develop/alv/starbook/packages/starbook-frontend/src/app/models/node_modules"]}
[22:56:39.376] DirectoryWatcher:: Added:: WatchInfo: /home/klingen/Develop/alv/starbook/packages/starbook-frontend/src/app/models/bower_components
[22:56:39.376] DirectoryWatcher:: Added:: WatchInfo: /home/klingen/Develop/alv/starbook/packages/starbook-frontend/src/app/models/bower_components 1 undefined Project: /dev/null/inferredProject1* watcher already invoked: false
[22:56:39.378] Elapsed:: 1.3087629973888397ms DirectoryWatcher:: Added:: WatchInfo: /home/klingen/Develop/alv/starbook/packages/starbook-frontend/src/app/models/bower_components 1 undefined Project: /dev/null/inferredProject1* watcher already invoked: false
[22:56:39.378] DirectoryWatcher:: Added:: WatchInfo: /home/klingen/Develop/alv/starbook/packages/starbook-frontend/src/app/models/node_modules
[22:56:39.378] DirectoryWatcher:: Added:: WatchInfo: /home/klingen/Develop/alv/starbook/packages/starbook-frontend/src/app/models/node_modules 1 undefined Project: /dev/null/inferredProject1* watcher already invoked: false
[22:56:39.378] Elapsed:: 0.07403199374675751ms DirectoryWatcher:: Added:: WatchInfo: /home/klingen/Develop/alv/starbook/packages/starbook-frontend/src/app/models/node_modules 1 undefined Project: /dev/null/inferredProject1* watcher already invoked: false
[22:56:39.378] Sending response:
    {"projectName":"/dev/null/inferredProject1*","typeAcquisition":{"enable":true,"include":[],"exclude":[]},"compilerOptions":{"module":1,"target":3,"jsx":1,"allowJs":true,"allowSyntheticDefaultImports":true,"allowNonTsExtensions":true,"noEmitForJsFiles":true},"typings":[],"unresolvedImports":[],"kind":"action::set"}
[22:56:39.379] Response has been sent.
[22:56:39.379] No new typings were requested as a result of typings discovery
[22:59:27.148] Got install request {"projectName":"/dev/null/inferredProject2*","fileNames":["/home/klingen/Develop/alv/starbook/packages/starbook-frontend/node_modules/typescript/lib/lib.es5.d.ts","/home/klingen/Develop/alv/starbook/packages/starbook-frontend/node_modules/typescript/lib/lib.es2015.d.ts","/home/klingen/Develop/alv/starbook/packages/starbook-frontend/node_modules/typescript/lib/lib.es2016.d.ts","/home/klingen/Develop/alv/starbook/packages/starbook-frontend/node_modules/typescript/lib/lib.dom.d.ts","/home/klingen/Develop/alv/starbook/packages/starbook-frontend/node_modules/typescript/lib/lib.dom.iterable.d.ts","/home/klingen/Develop/alv/starbook/packages/starbook-frontend/node_modules/typescript/lib/lib.webworker.importscripts.d.ts","/home/klingen/Develop/alv/starbook/packages/starbook-frontend/node_modules/typescript/lib/lib.scripthost.d.ts","/home/klingen/Develop/alv/starbook/packages/starbook-frontend/node_modules/typescript/lib/lib.es2015.core.d.ts","/home/klingen/Develop/alv/starbook/packages/starbook-frontend/node_modules/typescript/lib/lib.es2015.collection.d.ts","/home/klingen/Develop/alv/starbook/packages/starbook-frontend/node_modules/typescript/lib/lib.es2015.generator.d.ts","/home/klingen/Develop/alv/starbook/packages/starbook-frontend/node_modules/typescript/lib/lib.es2015.iterable.d.ts","/home/klingen/Develop/alv/starbook/packages/starbook-frontend/node_modules/typescript/lib/lib.es2015.promise.d.ts","/home/klingen/Develop/alv/starbook/packages/starbook-frontend/node_modules/typescript/lib/lib.es2015.proxy.d.ts","/home/klingen/Develop/alv/starbook/packages/starbook-frontend/node_modules/typescript/lib/lib.es2015.reflect.d.ts","/home/klingen/Develop/alv/starbook/packages/starbook-frontend/node_modules/typescript/lib/lib.es2015.symbol.d.ts","/home/klingen/Develop/alv/starbook/packages/starbook-frontend/node_modules/typescript/lib/lib.es2015.symbol.wellknown.d.ts","/home/klingen/Develop/alv/starbook/packages/starbook-frontend/node_modules/typescript/lib/lib.es2016.array.include.d.ts","/home/klingen/Develop/alv/starbook/packages/starbook-frontend/node_modules/typescript/lib/lib.es2016.full.d.ts","/home/klingen/Develop/alv/starbook/packages/starbook-frontend/src/app/person-list/person-list.component.html"],"compilerOptions":{"module":1,"target":3,"jsx":1,"allowJs":true,"allowSyntheticDefaultImports":true,"allowNonTsExtensions":true,"noEmitForJsFiles":true},"typeAcquisition":{"enable":true,"include":[],"exclude":[]},"unresolvedImports":[],"projectRootPath":"/home/klingen/Develop/alv/starbook/packages/starbook-frontend/src/app/person-list","kind":"discover"}
[22:59:27.149] Explicitly included types: []
[22:59:27.149] Inferred typings from unresolved imports: []
[22:59:27.149] Result: {"cachedTypingPaths":[],"newTypingNames":[],"filesToWatch":["/home/klingen/Develop/alv/starbook/packages/starbook-frontend/src/app/person-list/bower_components","/home/klingen/Develop/alv/starbook/packages/starbook-frontend/src/app/person-list/node_modules"]}
[22:59:27.149] Finished typings discovery: {"cachedTypingPaths":[],"newTypingNames":[],"filesToWatch":["/home/klingen/Develop/alv/starbook/packages/starbook-frontend/src/app/person-list/bower_components","/home/klingen/Develop/alv/starbook/packages/starbook-frontend/src/app/person-list/node_modules"]}
[22:59:27.149] DirectoryWatcher:: Added:: WatchInfo: /home/klingen/Develop/alv/starbook/packages/starbook-frontend/src/app/person-list/bower_components
[22:59:27.149] DirectoryWatcher:: Added:: WatchInfo: /home/klingen/Develop/alv/starbook/packages/starbook-frontend/src/app/person-list/bower_components 1 undefined Project: /dev/null/inferredProject2* watcher already invoked: false
[22:59:27.149] Elapsed:: 0.08424800634384155ms DirectoryWatcher:: Added:: WatchInfo: /home/klingen/Develop/alv/starbook/packages/starbook-frontend/src/app/person-list/bower_components 1 undefined Project: /dev/null/inferredProject2* watcher already invoked: false
[22:59:27.149] DirectoryWatcher:: Added:: WatchInfo: /home/klingen/Develop/alv/starbook/packages/starbook-frontend/src/app/person-list/node_modules
[22:59:27.149] DirectoryWatcher:: Added:: WatchInfo: /home/klingen/Develop/alv/starbook/packages/starbook-frontend/src/app/person-list/node_modules 1 undefined Project: /dev/null/inferredProject2* watcher already invoked: false
[22:59:27.149] Elapsed:: 0.04903899133205414ms DirectoryWatcher:: Added:: WatchInfo: /home/klingen/Develop/alv/starbook/packages/starbook-frontend/src/app/person-list/node_modules 1 undefined Project: /dev/null/inferredProject2* watcher already invoked: false
[22:59:27.149] Sending response:
    {"projectName":"/dev/null/inferredProject2*","typeAcquisition":{"enable":true,"include":[],"exclude":[]},"compilerOptions":{"module":1,"target":3,"jsx":1,"allowJs":true,"allowSyntheticDefaultImports":true,"allowNonTsExtensions":true,"noEmitForJsFiles":true},"typings":[],"unresolvedImports":[],"kind":"action::set"}
[22:59:27.149] Response has been sent.
[22:59:27.149] No new typings were requested as a result of typings discovery
[23:03:03.417] Got install request {"projectName":"/dev/null/inferredProject3*","fileNames":["/home/klingen/Develop/alv/starbook/packages/starbook-frontend/node_modules/typescript/lib/lib.es5.d.ts","/home/klingen/Develop/alv/starbook/packages/starbook-frontend/node_modules/typescript/lib/lib.es2015.d.ts","/home/klingen/Develop/alv/starbook/packages/starbook-frontend/node_modules/typescript/lib/lib.es2016.d.ts","/home/klingen/Develop/alv/starbook/packages/starbook-frontend/node_modules/typescript/lib/lib.dom.d.ts","/home/klingen/Develop/alv/starbook/packages/starbook-frontend/node_modules/typescript/lib/lib.dom.iterable.d.ts","/home/klingen/Develop/alv/starbook/packages/starbook-frontend/node_modules/typescript/lib/lib.webworker.importscripts.d.ts","/home/klingen/Develop/alv/starbook/packages/starbook-frontend/node_modules/typescript/lib/lib.scripthost.d.ts","/home/klingen/Develop/alv/starbook/packages/starbook-frontend/node_modules/typescript/lib/lib.es2015.core.d.ts","/home/klingen/Develop/alv/starbook/packages/starbook-frontend/node_modules/typescript/lib/lib.es2015.collection.d.ts","/home/klingen/Develop/alv/starbook/packages/starbook-frontend/node_modules/typescript/lib/lib.es2015.generator.d.ts","/home/klingen/Develop/alv/starbook/packages/starbook-frontend/node_modules/typescript/lib/lib.es2015.iterable.d.ts","/home/klingen/Develop/alv/starbook/packages/starbook-frontend/node_modules/typescript/lib/lib.es2015.promise.d.ts","/home/klingen/Develop/alv/starbook/packages/starbook-frontend/node_modules/typescript/lib/lib.es2015.proxy.d.ts","/home/klingen/Develop/alv/starbook/packages/starbook-frontend/node_modules/typescript/lib/lib.es2015.reflect.d.ts","/home/klingen/Develop/alv/starbook/packages/starbook-frontend/node_modules/typescript/lib/lib.es2015.symbol.d.ts","/home/klingen/Develop/alv/starbook/packages/starbook-frontend/node_modules/typescript/lib/lib.es2015.symbol.wellknown.d.ts","/home/klingen/Develop/alv/starbook/packages/starbook-frontend/node_modules/typescript/lib/lib.es2016.array.include.d.ts","/home/klingen/Develop/alv/starbook/packages/starbook-frontend/node_modules/typescript/lib/lib.es2016.full.d.ts","/home/klingen/Develop/alv/starbook/packages/starbook-frontend/src/app/person-list-item/person-list-item.component.html"],"compilerOptions":{"module":1,"target":3,"jsx":1,"allowJs":true,"allowSyntheticDefaultImports":true,"allowNonTsExtensions":true,"noEmitForJsFiles":true},"typeAcquisition":{"enable":true,"include":[],"exclude":[]},"unresolvedImports":[],"projectRootPath":"/home/klingen/Develop/alv/starbook/packages/starbook-frontend/src/app/person-list-item","kind":"discover"}
[23:03:03.417] Explicitly included types: []
[23:03:03.417] Inferred typings from unresolved imports: []
[23:03:03.417] Result: {"cachedTypingPaths":[],"newTypingNames":[],"filesToWatch":["/home/klingen/Develop/alv/starbook/packages/starbook-frontend/src/app/person-list-item/bower_components","/home/klingen/Develop/alv/starbook/packages/starbook-frontend/src/app/person-list-item/node_modules"]}
[23:03:03.417] Finished typings discovery: {"cachedTypingPaths":[],"newTypingNames":[],"filesToWatch":["/home/klingen/Develop/alv/starbook/packages/starbook-frontend/src/app/person-list-item/bower_components","/home/klingen/Develop/alv/starbook/packages/starbook-frontend/src/app/person-list-item/node_modules"]}
[23:03:03.417] DirectoryWatcher:: Added:: WatchInfo: /home/klingen/Develop/alv/starbook/packages/starbook-frontend/src/app/person-list-item/bower_components
[23:03:03.417] DirectoryWatcher:: Added:: WatchInfo: /home/klingen/Develop/alv/starbook/packages/starbook-frontend/src/app/person-list-item/bower_components 1 undefined Project: /dev/null/inferredProject3* watcher already invoked: false
[23:03:03.417] Elapsed:: 0.11847598850727081ms DirectoryWatcher:: Added:: WatchInfo: /home/klingen/Develop/alv/starbook/packages/starbook-frontend/src/app/person-list-item/bower_components 1 undefined Project: /dev/null/inferredProject3* watcher already invoked: false
[23:03:03.418] DirectoryWatcher:: Added:: WatchInfo: /home/klingen/Develop/alv/starbook/packages/starbook-frontend/src/app/person-list-item/node_modules
[23:03:03.418] DirectoryWatcher:: Added:: WatchInfo: /home/klingen/Develop/alv/starbook/packages/starbook-frontend/src/app/person-list-item/node_modules 1 undefined Project: /dev/null/inferredProject3* watcher already invoked: false
[23:03:03.418] Elapsed:: 0.09732499718666077ms DirectoryWatcher:: Added:: WatchInfo: /home/klingen/Develop/alv/starbook/packages/starbook-frontend/src/app/person-list-item/node_modules 1 undefined Project: /dev/null/inferredProject3* watcher already invoked: false
[23:03:03.418] Sending response:
    {"projectName":"/dev/null/inferredProject3*","typeAcquisition":{"enable":true,"include":[],"exclude":[]},"compilerOptions":{"module":1,"target":3,"jsx":1,"allowJs":true,"allowSyntheticDefaultImports":true,"allowNonTsExtensions":true,"noEmitForJsFiles":true},"typings":[],"unresolvedImports":[],"kind":"action::set"}
[23:03:03.418] Response has been sent.
[23:03:03.418] No new typings were requested as a result of typings discovery
[08:32:07.352] Got install request {"projectName":"/dev/null/inferredProject4*","fileNames":[],"compilerOptions":{"module":1,"target":3,"jsx":1,"allowJs":true,"allowSyntheticDefaultImports":true,"allowNonTsExtensions":true,"noEmitForJsFiles":true},"typeAcquisition":{"enable":true,"include":[],"exclude":[]},"unresolvedImports":[],"projectRootPath":"/home/klingen/Develop/alv/starbook/packages/starbook-frontend/src/app/models","kind":"discover"}
[08:32:07.353] Explicitly included types: []
[08:32:07.353] Inferred typings from unresolved imports: []
[08:32:07.353] Result: {"cachedTypingPaths":[],"newTypingNames":[],"filesToWatch":["/home/klingen/Develop/alv/starbook/packages/starbook-frontend/src/app/models/bower_components","/home/klingen/Develop/alv/starbook/packages/starbook-frontend/src/app/models/node_modules"]}
[08:32:07.353] Finished typings discovery: {"cachedTypingPaths":[],"newTypingNames":[],"filesToWatch":["/home/klingen/Develop/alv/starbook/packages/starbook-frontend/src/app/models/bower_components","/home/klingen/Develop/alv/starbook/packages/starbook-frontend/src/app/models/node_modules"]}
[08:32:07.353] DirectoryWatcher:: Added:: WatchInfo: /home/klingen/Develop/alv/starbook/packages/starbook-frontend/src/app/models/bower_components
[08:32:07.354] DirectoryWatcher:: Added:: WatchInfo: /home/klingen/Develop/alv/starbook/packages/starbook-frontend/src/app/models/bower_components 1 undefined Project: /dev/null/inferredProject4* watcher already invoked: false
[08:32:07.354] Elapsed:: 0.06677901744842529ms DirectoryWatcher:: Added:: WatchInfo: /home/klingen/Develop/alv/starbook/packages/starbook-frontend/src/app/models/bower_components 1 undefined Project: /dev/null/inferredProject4* watcher already invoked: false
[08:32:07.354] DirectoryWatcher:: Added:: WatchInfo: /home/klingen/Develop/alv/starbook/packages/starbook-frontend/src/app/models/node_modules
[08:32:07.354] DirectoryWatcher:: Added:: WatchInfo: /home/klingen/Develop/alv/starbook/packages/starbook-frontend/src/app/models/node_modules 1 undefined Project: /dev/null/inferredProject4* watcher already invoked: false
[08:32:07.354] Elapsed:: 0.023092001676559448ms DirectoryWatcher:: Added:: WatchInfo: /home/klingen/Develop/alv/starbook/packages/starbook-frontend/src/app/models/node_modules 1 undefined Project: /dev/null/inferredProject4* watcher already invoked: false
[08:32:07.354] Sending response:
    {"projectName":"/dev/null/inferredProject4*","typeAcquisition":{"enable":true,"include":[],"exclude":[]},"compilerOptions":{"module":1,"target":3,"jsx":1,"allowJs":true,"allowSyntheticDefaultImports":true,"allowNonTsExtensions":true,"noEmitForJsFiles":true},"typings":[],"unresolvedImports":[],"kind":"action::set"}
[08:32:07.354] Response has been sent.
[08:32:07.354] No new typings were requested as a result of typings discovery
